<?xml version="1.0" encoding="UTF-8"?>
<!-- Generated by org.testng.reporters.JUnitXMLReporter -->
<testsuite hostname="Amit-PC" ignored="0" name="Default test" tests="4" failures="0" timestamp="21 Dec 2019 08:59:48 GMT" time="2.96" errors="0">
  <testcase name="testCase1" time="0.024" classname="TestCases.Testcase1"/>
  <testcase name="testCase2" time="0.003" classname="TestCases.Testcase1"/>
  <testcase name="testCase5" time="0.004" classname="TestCases.Testcase1"/>
  <testcase name="testCase7" time="0.003" classname="TestCases.Testcase1"/>
</testsuite> <!-- Default test -->
