<?xml version="1.0" encoding="UTF-8"?>
<testng-results skipped="0" failed="0" ignored="0" total="4" passed="4">
  <reporter-output>
  </reporter-output>
  <suite name="Suite" duration-ms="2773" started-at="2019-12-21T09:52:07Z" finished-at="2019-12-21T09:52:09Z">
    <groups>
    </groups>
    <test name="Test" duration-ms="2773" started-at="2019-12-21T09:52:07Z" finished-at="2019-12-21T09:52:09Z">
      <class name="TestCases.Module2">
        <test-method status="PASS" signature="Module2_testCase4()[pri:0, instance:TestCases.Module2@1e88b3c]" name="Module2_testCase4" duration-ms="5" started-at="2019-12-21T09:52:09Z" finished-at="2019-12-21T09:52:09Z">
          <reporter-output>
          </reporter-output>
        </test-method> <!-- Module2_testCase4 -->
      </class> <!-- TestCases.Module2 -->
      <class name="TestCases.Module1">
        <test-method status="PASS" signature="Module1_testCase1()[pri:0, instance:TestCases.Module1@77caeb3e]" name="Module1_testCase1" duration-ms="26" started-at="2019-12-21T09:52:09Z" finished-at="2019-12-21T09:52:09Z">
          <reporter-output>
          </reporter-output>
        </test-method> <!-- Module1_testCase1 -->
        <test-method status="PASS" signature="Module1_testCase5()[pri:0, instance:TestCases.Module1@77caeb3e]" name="Module1_testCase5" duration-ms="6" started-at="2019-12-21T09:52:09Z" finished-at="2019-12-21T09:52:09Z">
          <reporter-output>
          </reporter-output>
        </test-method> <!-- Module1_testCase5 -->
        <test-method status="PASS" signature="Module1_testCase7()[pri:0, instance:TestCases.Module1@77caeb3e]" name="Module1_testCase7" duration-ms="3" started-at="2019-12-21T09:52:09Z" finished-at="2019-12-21T09:52:09Z">
          <reporter-output>
          </reporter-output>
        </test-method> <!-- Module1_testCase7 -->
      </class> <!-- TestCases.Module1 -->
    </test> <!-- Test -->
  </suite> <!-- Suite -->
</testng-results>
